<?xml version="1.0" encoding="UTF-8"?>
<testng-results skipped="0" failed="2" total="15" passed="13">
  <reporter-output>
  </reporter-output>
  <suite name="Suite" duration-ms="263576" started-at="2017-02-16T09:38:28Z" finished-at="2017-02-16T09:42:51Z">
    <groups>
    </groups>
    <test name="ForgotPassword" duration-ms="21503" started-at="2017-02-16T09:38:28Z" finished-at="2017-02-16T09:38:49Z">
      <class name="dd_test.ForgotPassword">
        <test-method status="PASS" signature="ClientTrainerForgotPassword()[pri:0, instance:dd_test.ForgotPassword@1139b2f3]" name="ClientTrainerForgotPassword" duration-ms="21479" started-at="2017-02-16T15:08:28Z" finished-at="2017-02-16T15:08:49Z">
          <reporter-output>
          </reporter-output>
        </test-method> <!-- ClientTrainerForgotPassword -->
      </class> <!-- dd_test.ForgotPassword -->
    </test> <!-- ForgotPassword -->
    <test name="ClientSignUp" duration-ms="11334" started-at="2017-02-16T09:38:49Z" finished-at="2017-02-16T09:39:00Z">
      <class name="dd_test.ClientSignUp">
        <test-method status="PASS" signature="clientSignUp()[pri:0, instance:dd_test.ClientSignUp@68999068]" name="clientSignUp" duration-ms="11331" started-at="2017-02-16T15:08:49Z" finished-at="2017-02-16T15:09:00Z">
          <reporter-output>
          </reporter-output>
        </test-method> <!-- clientSignUp -->
      </class> <!-- dd_test.ClientSignUp -->
    </test> <!-- ClientSignUp -->
    <test name="TrainerSignUp" duration-ms="13092" started-at="2017-02-16T09:39:00Z" finished-at="2017-02-16T09:39:14Z">
      <class name="dd_test.TrainerSignUp">
        <test-method status="PASS" signature="trainerSignUp()[pri:0, instance:dd_test.TrainerSignUp@2f7298b]" name="trainerSignUp" duration-ms="13087" started-at="2017-02-16T15:09:00Z" finished-at="2017-02-16T15:09:14Z">
          <reporter-output>
          </reporter-output>
        </test-method> <!-- trainerSignUp -->
      </class> <!-- dd_test.TrainerSignUp -->
    </test> <!-- TrainerSignUp -->
    <test name="TrainerLoginTest" duration-ms="7769" started-at="2017-02-16T09:39:14Z" finished-at="2017-02-16T09:39:21Z">
      <class name="dd_test.TrainerLoginTest">
        <test-method status="PASS" signature="doLogin()[pri:0, instance:dd_test.TrainerLoginTest@1dde4cb2]" name="doLogin" duration-ms="7767" started-at="2017-02-16T15:09:14Z" finished-at="2017-02-16T15:09:21Z">
          <reporter-output>
          </reporter-output>
        </test-method> <!-- doLogin -->
      </class> <!-- dd_test.TrainerLoginTest -->
    </test> <!-- TrainerLoginTest -->
    <test name="CreateNewClass" duration-ms="12740" started-at="2017-02-16T09:39:21Z" finished-at="2017-02-16T09:39:34Z">
      <class name="dd_test.CreateNewClass">
        <test-method status="PASS" signature="myClassesCreateNewClasses()[pri:0, instance:dd_test.CreateNewClass@479d31f3]" name="myClassesCreateNewClasses" duration-ms="12736" started-at="2017-02-16T15:09:21Z" finished-at="2017-02-16T15:09:34Z">
          <reporter-output>
          </reporter-output>
        </test-method> <!-- myClassesCreateNewClasses -->
      </class> <!-- dd_test.CreateNewClass -->
    </test> <!-- CreateNewClass -->
    <test name="LogOut" duration-ms="7648" started-at="2017-02-16T09:39:34Z" finished-at="2017-02-16T09:39:42Z">
      <class name="dd_test.LogOut">
        <test-method status="PASS" signature="doLoout()[pri:0, instance:dd_test.LogOut@123ef382]" name="doLoout" duration-ms="7644" started-at="2017-02-16T15:09:34Z" finished-at="2017-02-16T15:09:42Z">
          <reporter-output>
          </reporter-output>
        </test-method> <!-- doLoout -->
      </class> <!-- dd_test.LogOut -->
    </test> <!-- LogOut -->
    <test name="ClientLoginTest" duration-ms="7162" started-at="2017-02-16T09:39:42Z" finished-at="2017-02-16T09:39:49Z">
      <class name="dd_test.ClientLoginTest">
        <test-method status="PASS" signature="doLogin()[pri:0, instance:dd_test.ClientLoginTest@42e99e4a]" name="doLogin" duration-ms="7159" started-at="2017-02-16T15:09:42Z" finished-at="2017-02-16T15:09:49Z">
          <reporter-output>
          </reporter-output>
        </test-method> <!-- doLogin -->
      </class> <!-- dd_test.ClientLoginTest -->
    </test> <!-- ClientLoginTest -->
    <test name="MySessions" duration-ms="56897" started-at="2017-02-16T09:39:49Z" finished-at="2017-02-16T09:40:46Z">
      <class name="dd_test.MySessions">
        <test-method status="PASS" signature="MyCompletedClasses()[pri:0, instance:dd_test.MySessions@5e0826e7]" name="MyCompletedClasses" duration-ms="12455" started-at="2017-02-16T15:09:49Z" finished-at="2017-02-16T15:10:01Z">
          <reporter-output>
          </reporter-output>
        </test-method> <!-- MyCompletedClasses -->
        <test-method status="PASS" signature="MyUpComingClasses()[pri:0, instance:dd_test.MySessions@5e0826e7]" name="MyUpComingClasses" duration-ms="44439" started-at="2017-02-16T15:10:01Z" finished-at="2017-02-16T15:10:46Z">
          <reporter-output>
          </reporter-output>
        </test-method> <!-- MyUpComingClasses -->
      </class> <!-- dd_test.MySessions -->
    </test> <!-- MySessions -->
    <test name="SearchClasses" duration-ms="57940" started-at="2017-02-16T09:40:46Z" finished-at="2017-02-16T09:41:44Z">
      <class name="dd_test.SearchClasses">
        <test-method status="FAIL" signature="searchForClasses()[pri:0, instance:dd_test.SearchClasses@74e52303]" name="searchForClasses" duration-ms="57930" started-at="2017-02-16T15:10:46Z" finished-at="2017-02-16T15:11:44Z">
          <exception class="org.openqa.selenium.StaleElementReferenceException">
            <message>
              <![CDATA[stale element reference: element is not attached to the page document
  (Session info: chrome=54.0.2840.59)
  (Driver info: chromedriver=2.24.417431 (9aea000394714d2fbb20850021f6204f2256b9cf),platform=Windows NT 10.0.14393 x86_64) (WARNING: The server did not provide any stacktrace information)
Command duration or timeout: 199 milliseconds
For documentation on this error, please visit: http://seleniumhq.org/exceptions/stale_element_reference.html
Build info: version: '2.53.0', revision: '35ae25b', time: '2016-03-15 16:57:40'
System info: host: 'HP15', ip: '192.168.3.114', os.name: 'Windows 10', os.arch: 'amd64', os.version: '10.0', java.version: '1.8.0_101'
Driver info: org.openqa.selenium.chrome.ChromeDriver
Capabilities [{applicationCacheEnabled=false, rotatable=false, mobileEmulationEnabled=false, networkConnectionEnabled=false, chrome={chromedriverVersion=2.24.417431 (9aea000394714d2fbb20850021f6204f2256b9cf), userDataDir=C:\Users\PARTHI~1\AppData\Local\Temp\scoped_dir50720_22435}, takesHeapSnapshot=true, pageLoadStrategy=normal, databaseEnabled=false, handlesAlerts=true, hasTouchScreen=false, version=54.0.2840.59, platform=XP, browserConnectionEnabled=false, nativeEvents=true, acceptSslCerts=true, locationContextEnabled=true, webStorageEnabled=true, browserName=chrome, takesScreenshot=true, javascriptEnabled=true, cssSelectorsEnabled=true}]
Session ID: 0f621e483506e97f016e7ab1e77fe44d]]>
            </message>
            <full-stacktrace>
              <![CDATA[org.openqa.selenium.StaleElementReferenceException: stale element reference: element is not attached to the page document
  (Session info: chrome=54.0.2840.59)
  (Driver info: chromedriver=2.24.417431 (9aea000394714d2fbb20850021f6204f2256b9cf),platform=Windows NT 10.0.14393 x86_64) (WARNING: The server did not provide any stacktrace information)
Command duration or timeout: 199 milliseconds
For documentation on this error, please visit: http://seleniumhq.org/exceptions/stale_element_reference.html
Build info: version: '2.53.0', revision: '35ae25b', time: '2016-03-15 16:57:40'
System info: host: 'HP15', ip: '192.168.3.114', os.name: 'Windows 10', os.arch: 'amd64', os.version: '10.0', java.version: '1.8.0_101'
Driver info: org.openqa.selenium.chrome.ChromeDriver
Capabilities [{applicationCacheEnabled=false, rotatable=false, mobileEmulationEnabled=false, networkConnectionEnabled=false, chrome={chromedriverVersion=2.24.417431 (9aea000394714d2fbb20850021f6204f2256b9cf), userDataDir=C:\Users\PARTHI~1\AppData\Local\Temp\scoped_dir50720_22435}, takesHeapSnapshot=true, pageLoadStrategy=normal, databaseEnabled=false, handlesAlerts=true, hasTouchScreen=false, version=54.0.2840.59, platform=XP, browserConnectionEnabled=false, nativeEvents=true, acceptSslCerts=true, locationContextEnabled=true, webStorageEnabled=true, browserName=chrome, takesScreenshot=true, javascriptEnabled=true, cssSelectorsEnabled=true}]
Session ID: 0f621e483506e97f016e7ab1e77fe44d
	at sun.reflect.NativeConstructorAccessorImpl.newInstance0(Native Method)
	at sun.reflect.NativeConstructorAccessorImpl.newInstance(Unknown Source)
	at sun.reflect.DelegatingConstructorAccessorImpl.newInstance(Unknown Source)
	at java.lang.reflect.Constructor.newInstance(Unknown Source)
	at org.openqa.selenium.remote.ErrorHandler.createThrowable(ErrorHandler.java:206)
	at org.openqa.selenium.remote.ErrorHandler.throwIfResponseFailed(ErrorHandler.java:158)
	at org.openqa.selenium.remote.RemoteWebDriver.execute(RemoteWebDriver.java:678)
	at org.openqa.selenium.remote.RemoteWebElement.execute(RemoteWebElement.java:327)
	at org.openqa.selenium.remote.RemoteWebElement.click(RemoteWebElement.java:85)
	at dd_test.SearchClasses.ReserveSpot(SearchClasses.java:144)
	at dd_test.SearchClasses.searchForClasses(SearchClasses.java:43)
	at sun.reflect.NativeMethodAccessorImpl.invoke0(Native Method)
	at sun.reflect.NativeMethodAccessorImpl.invoke(Unknown Source)
	at sun.reflect.DelegatingMethodAccessorImpl.invoke(Unknown Source)
	at java.lang.reflect.Method.invoke(Unknown Source)
	at org.testng.internal.MethodInvocationHelper.invokeMethod(MethodInvocationHelper.java:85)
	at org.testng.internal.Invoker.invokeMethod(Invoker.java:639)
	at org.testng.internal.Invoker.invokeTestMethod(Invoker.java:816)
	at org.testng.internal.Invoker.invokeTestMethods(Invoker.java:1124)
	at org.testng.internal.TestMethodWorker.invokeTestMethods(TestMethodWorker.java:125)
	at org.testng.internal.TestMethodWorker.run(TestMethodWorker.java:108)
	at org.testng.TestRunner.privateRun(TestRunner.java:774)
	at org.testng.TestRunner.run(TestRunner.java:624)
	at org.testng.SuiteRunner.runTest(SuiteRunner.java:359)
	at org.testng.SuiteRunner.runSequentially(SuiteRunner.java:354)
	at org.testng.SuiteRunner.privateRun(SuiteRunner.java:312)
	at org.testng.SuiteRunner.run(SuiteRunner.java:261)
	at org.testng.SuiteRunnerWorker.runSuite(SuiteRunnerWorker.java:52)
	at org.testng.SuiteRunnerWorker.run(SuiteRunnerWorker.java:86)
	at org.testng.TestNG.runSuitesSequentially(TestNG.java:1215)
	at org.testng.TestNG.runSuitesLocally(TestNG.java:1140)
	at org.testng.TestNG.run(TestNG.java:1048)
	at org.testng.remote.AbstractRemoteTestNG.run(AbstractRemoteTestNG.java:132)
	at org.testng.remote.RemoteTestNG.initAndRun(RemoteTestNG.java:236)
	at org.testng.remote.RemoteTestNG.main(RemoteTestNG.java:81)
]]>
            </full-stacktrace>
          </exception> <!-- org.openqa.selenium.StaleElementReferenceException -->
          <reporter-output>
          </reporter-output>
        </test-method> <!-- searchForClasses -->
      </class> <!-- dd_test.SearchClasses -->
    </test> <!-- SearchClasses -->
    <test name="MyProfile" duration-ms="2785" started-at="2017-02-16T09:41:44Z" finished-at="2017-02-16T09:41:47Z">
      <class name="dd_test.MyProfile">
        <test-method status="PASS" signature="profileDetails()[pri:0, instance:dd_test.MyProfile@694abbdc]" name="profileDetails" duration-ms="2783" started-at="2017-02-16T15:11:44Z" finished-at="2017-02-16T15:11:47Z">
          <reporter-output>
          </reporter-output>
        </test-method> <!-- profileDetails -->
      </class> <!-- dd_test.MyProfile -->
    </test> <!-- MyProfile -->
    <test name="BuyPoints" duration-ms="31466" started-at="2017-02-16T09:41:47Z" finished-at="2017-02-16T09:42:18Z">
      <class name="dd_test.BuyPoints">
        <test-method status="PASS" signature="BuyPointsFromMenu()[pri:1, instance:dd_test.BuyPoints@4f6ee6e4]" name="BuyPointsFromMenu" duration-ms="31463" started-at="2017-02-16T15:11:47Z" finished-at="2017-02-16T15:12:18Z">
          <reporter-output>
          </reporter-output>
        </test-method> <!-- BuyPointsFromMenu -->
      </class> <!-- dd_test.BuyPoints -->
    </test> <!-- BuyPoints -->
    <test name="TestMySystem" duration-ms="11131" started-at="2017-02-16T09:42:18Z" finished-at="2017-02-16T09:42:29Z">
      <class name="dd_test.TestMySystem">
        <test-method status="FAIL" signature="SystemCheck()[pri:0, instance:dd_test.TestMySystem@7b9a4292]" name="SystemCheck" duration-ms="11128" started-at="2017-02-16T15:12:18Z" finished-at="2017-02-16T15:12:29Z">
          <exception class="java.lang.IndexOutOfBoundsException">
            <message>
              <![CDATA[Index: 1, Size: 1]]>
            </message>
            <full-stacktrace>
              <![CDATA[java.lang.IndexOutOfBoundsException: Index: 1, Size: 1
	at java.util.ArrayList.rangeCheck(Unknown Source)
	at java.util.ArrayList.get(Unknown Source)
	at dd_test.TestMySystem.SystemCheck(TestMySystem.java:55)
	at sun.reflect.NativeMethodAccessorImpl.invoke0(Native Method)
	at sun.reflect.NativeMethodAccessorImpl.invoke(Unknown Source)
	at sun.reflect.DelegatingMethodAccessorImpl.invoke(Unknown Source)
	at java.lang.reflect.Method.invoke(Unknown Source)
	at org.testng.internal.MethodInvocationHelper.invokeMethod(MethodInvocationHelper.java:85)
	at org.testng.internal.Invoker.invokeMethod(Invoker.java:639)
	at org.testng.internal.Invoker.invokeTestMethod(Invoker.java:816)
	at org.testng.internal.Invoker.invokeTestMethods(Invoker.java:1124)
	at org.testng.internal.TestMethodWorker.invokeTestMethods(TestMethodWorker.java:125)
	at org.testng.internal.TestMethodWorker.run(TestMethodWorker.java:108)
	at org.testng.TestRunner.privateRun(TestRunner.java:774)
	at org.testng.TestRunner.run(TestRunner.java:624)
	at org.testng.SuiteRunner.runTest(SuiteRunner.java:359)
	at org.testng.SuiteRunner.runSequentially(SuiteRunner.java:354)
	at org.testng.SuiteRunner.privateRun(SuiteRunner.java:312)
	at org.testng.SuiteRunner.run(SuiteRunner.java:261)
	at org.testng.SuiteRunnerWorker.runSuite(SuiteRunnerWorker.java:52)
	at org.testng.SuiteRunnerWorker.run(SuiteRunnerWorker.java:86)
	at org.testng.TestNG.runSuitesSequentially(TestNG.java:1215)
	at org.testng.TestNG.runSuitesLocally(TestNG.java:1140)
	at org.testng.TestNG.run(TestNG.java:1048)
	at org.testng.remote.AbstractRemoteTestNG.run(AbstractRemoteTestNG.java:132)
	at org.testng.remote.RemoteTestNG.initAndRun(RemoteTestNG.java:236)
	at org.testng.remote.RemoteTestNG.main(RemoteTestNG.java:81)
]]>
            </full-stacktrace>
          </exception> <!-- java.lang.IndexOutOfBoundsException -->
          <reporter-output>
          </reporter-output>
        </test-method> <!-- SystemCheck -->
      </class> <!-- dd_test.TestMySystem -->
    </test> <!-- TestMySystem -->
    <test name="TermsofServicePrivacyPolicyContactSupport" duration-ms="21775" started-at="2017-02-16T09:42:29Z" finished-at="2017-02-16T09:42:51Z">
      <class name="dd_test.TermsofServicePrivacyPolicyContactSupport">
        <test-method status="PASS" signature="ClickEachLinks()[pri:0, instance:dd_test.TermsofServicePrivacyPolicyContactSupport@1aa7ecca]" name="ClickEachLinks" duration-ms="21773" started-at="2017-02-16T15:12:29Z" finished-at="2017-02-16T15:12:51Z">
          <reporter-output>
          </reporter-output>
        </test-method> <!-- ClickEachLinks -->
      </class> <!-- dd_test.TermsofServicePrivacyPolicyContactSupport -->
    </test> <!-- TermsofServicePrivacyPolicyContactSupport -->
    <test name="FAQ" duration-ms="121" started-at="2017-02-16T09:42:51Z" finished-at="2017-02-16T09:42:51Z">
      <class name="dd_test.FAQ">
        <test-method status="PASS" signature="initAll()[pri:0, instance:dd_test.FAQ@6d763516]" name="initAll" is-config="true" duration-ms="12599" started-at="2017-02-16T15:08:15Z" finished-at="2017-02-16T15:08:28Z">
          <reporter-output>
          </reporter-output>
        </test-method> <!-- initAll -->
        <test-method status="PASS" signature="frequentlyAskedQuestion()[pri:0, instance:dd_test.FAQ@6d763516]" name="frequentlyAskedQuestion" duration-ms="119" started-at="2017-02-16T15:12:51Z" finished-at="2017-02-16T15:12:51Z">
          <reporter-output>
          </reporter-output>
        </test-method> <!-- frequentlyAskedQuestion -->
        <test-method status="PASS" signature="QuitDriver()[pri:0, instance:dd_test.FAQ@6d763516]" name="QuitDriver" is-config="true" duration-ms="10" started-at="2017-02-16T15:12:51Z" finished-at="2017-02-16T15:12:51Z">
          <reporter-output>
          </reporter-output>
        </test-method> <!-- QuitDriver -->
      </class> <!-- dd_test.FAQ -->
    </test> <!-- FAQ -->
  </suite> <!-- Suite -->
</testng-results>
